15:54:49 - Oh, it's line of text
15:54:49 - And this on next line (**)
15:56:56 - Oh, it's line of text
15:56:56 - And this on next line (**)
15:59:10 - Oh, it's line of text
15:59:10 - And this on next line (**)
9:07:12 - E:/Euclase/Release/Materials/Names.jpg
11:08:40 - G:/Euclase/Release/Materials/Names.jpg
11:48:49 - G:/Euclase/Release/Materials/Names.jpg
23:49:43 - G:/Flash/Euclase/Release/Materials/Names.jpg
23:53:33 - G:/Flash/Euclase/Release/Materials/Names.jpg
23:54:01 - G:/Flash/Euclase/Release/Materials/Names.jpg
0:04:56 - G:/Flash/Euclase/Release/Materials/Names.jpg
0:07:57 - G:/Flash/Euclase/Release/Materials/Names.jpg
0:08:16 - G:/Flash/Euclase/Release/Materials/Names.jpg
0:15:22 - G:/Flash/Euclase/Release/Materials/Names.jpg
0:16:17 - G:/Flash/Euclase/Release/Materials/Names.jpg
0:28:56 - G:/Flash/Euclase/Release/Materials/Names.jpg
0:30:20 - G:/Flash/Euclase/Release/Materials/Names.jpg
0:36:30 - F:/Euclase/Release/Materials/Names.jpg
19:02:20 - G:/Flash/Euclase/Release/Materials/Names.jpg
19:54:29 - G:/Flash/Euclase/Release/Materials/Names.jpg
21:40:19 - G:/Flash/Euclase/Release/Materials/Names.jpg
21:40:36 - G:/Flash/Euclase/Release/Materials/Names.jpg
21:43:24 - G:/Flash/Euclase/Release/Materials/Names.jpg
21:47:51 - G:/Flash/Euclase/Release/Materials/Names.jpg
22:24:55 - G:/Flash/Euclase/Release/Materials/Names.jpg
22:28:32 - G:/Flash/Euclase/Release/Materials/Names.jpg
22:35:25 - G:/Flash/Euclase/Release/Materials/Names.jpg
23:32:01 - G:/Flash/Euclase/Release/Materials/Names.jpg
9:14:47 - G:/Euclase/Release/Materials/Names.jpg
11:02:23 - G:/Euclase/Release/Materials/Names.jpg
11:24:43 - G:/Euclase/Release/Materials/Names.jpg
11:25:31 - G:/Euclase/Release/Materials/Names.jpg
11:30:24 - G:/Euclase/Release/Materials/Names.jpg
11:50:13 - G:/Euclase/Release/Materials/Names.jpg
12:08:07 - G:/Euclase/Release/Materials/Names.jpg
12:12:31 - G:/Euclase/Release/Materials/Names.jpg
12:14:03 - G:/Euclase/Release/Materials/Names.jpg
12:18:42 - G:/Euclase/Release/Materials/Names.jpg
12:19:09 - OneNote
12:19:09 - Microsoft XPS Document Writer
12:19:09 - Microsoft Print to PDF
12:19:09 - HP LaserJet P205X series PCL6 Class Driver
12:19:09 - HP LaserJet 1020
12:19:09 - HP DeskJet 2130 series
12:19:09 - Fax
12:19:09 - eBeam Scrapbook Image Writer
12:19:09 - HP DeskJet 2130 series
12:19:10 - OneNote
12:19:10 - Microsoft XPS Document Writer
12:19:10 - Microsoft Print to PDF
12:19:10 - HP LaserJet P205X series PCL6 Class Driver
12:19:10 - HP LaserJet 1020
12:19:10 - HP DeskJet 2130 series
12:19:10 - Fax
12:19:10 - eBeam Scrapbook Image Writer
13:01:34 - G:/Euclase/Release/Materials/Names.jpg
13:02:12 - G:/Euclase/Release/Materials/Names.jpg
13:02:23 - G:/Euclase/Release/Materials/Names.jpg
13:04:28 - G:/Euclase/Release/Materials/Names.jpg
13:08:13 - G:/Euclase/Release/Materials/Names.jpg
13:09:42 - G:/Euclase/Release/Materials/Names.jpg
13:11:13 - G:/Euclase/Release/Materials/Names.jpg
13:43:59 - G:/Euclase/Release/Materials/Names.jpg
13:51:22 - G:/Euclase/Release/Materials/Names.jpg
13:54:12 - G:/Euclase/Release/Materials/Names.jpg
13:54:30 - G:/Euclase/Release/Materials/Names.jpg
14:00:52 - G:/Euclase/Release/Materials/Names.jpg
14:05:40 - G:/Euclase/Release/Materials/Names.jpg
14:06:43 - C:/Users/6/Desktop/Release/Materials/Names.jpg
14:07:16 - C:/Users/6/Desktop/Release/Materials/Names.jpg
14:11:07 - C:/Users/6/Desktop/Release/Materials/Names.jpg
14:13:00 - C:/Users/6/Desktop/Release/Materials/Names.jpg
14:15:26 - C:/Users/6/Desktop/Release/Materials/Names.jpg
14:16:48 - C:/Users/6/Desktop/Release/Materials/Names.jpg
14:17:28 - C:/Users/6/Desktop/Release/Materials/Names.jpg
14:19:41 - C:/Users/6/Desktop/Release/Materials/Names.jpg
14:25:00 - C:/Users/6/Desktop/Release/Materials/Names.jpg
14:26:18 - C:/Users/6/Desktop/Release/Materials/Names.jpg
15:03:54 - C:/Users/6/Desktop/Release/Materials/Names.jpg
15:04:12 - OneNote
15:04:12 - Microsoft XPS Document Writer
15:04:12 - Microsoft Print to PDF
15:04:12 - HP LaserJet P205X series PCL6 Class Driver
15:04:12 - HP LaserJet 1020
15:04:12 - HP DeskJet 2130 series
15:04:12 - Fax
15:04:12 - eBeam Scrapbook Image Writer
15:04:12 - HP DeskJet 2130 series
15:04:13 - OneNote
15:04:13 - Microsoft XPS Document Writer
15:04:13 - Microsoft Print to PDF
15:04:13 - HP LaserJet P205X series PCL6 Class Driver
15:04:13 - HP LaserJet 1020
15:04:13 - HP DeskJet 2130 series
15:04:13 - Fax
15:04:13 - eBeam Scrapbook Image Writer
15:09:51 - OneNote
15:09:52 - Microsoft XPS Document Writer
15:09:52 - Microsoft Print to PDF
15:09:52 - HP LaserJet P205X series PCL6 Class Driver
15:09:52 - HP LaserJet 1020
15:09:52 - HP DeskJet 2130 series
15:09:52 - Fax
15:09:52 - eBeam Scrapbook Image Writer
15:09:52 - HP DeskJet 2130 series
15:09:52 - OneNote
15:09:52 - Microsoft XPS Document Writer
15:09:52 - Microsoft Print to PDF
15:09:52 - HP LaserJet P205X series PCL6 Class Driver
15:09:52 - HP LaserJet 1020
15:09:52 - HP DeskJet 2130 series
15:09:52 - Fax
15:09:52 - eBeam Scrapbook Image Writer
15:10:15 - OneNote
15:10:15 - Microsoft XPS Document Writer
15:10:15 - Microsoft Print to PDF
15:10:15 - HP LaserJet P205X series PCL6 Class Driver
15:10:15 - HP LaserJet 1020
15:10:15 - HP DeskJet 2130 series
15:10:15 - Fax
15:10:15 - eBeam Scrapbook Image Writer
15:10:15 - HP DeskJet 2130 series
15:10:16 - OneNote
15:10:16 - Microsoft XPS Document Writer
15:10:16 - Microsoft Print to PDF
15:10:16 - HP LaserJet P205X series PCL6 Class Driver
15:10:16 - HP LaserJet 1020
15:10:16 - HP DeskJet 2130 series
15:10:16 - Fax
15:10:16 - eBeam Scrapbook Image Writer
15:13:12 - OneNote
15:13:12 - Microsoft XPS Document Writer
15:13:12 - Microsoft Print to PDF
15:13:12 - HP LaserJet P205X series PCL6 Class Driver
15:13:12 - HP LaserJet 1020
15:13:12 - HP DeskJet 2130 series
15:13:12 - Fax
15:13:12 - eBeam Scrapbook Image Writer
15:13:12 - HP DeskJet 2130 series
15:13:13 - OneNote
15:13:13 - Microsoft XPS Document Writer
15:13:13 - Microsoft Print to PDF
15:13:13 - HP LaserJet P205X series PCL6 Class Driver
15:13:13 - HP LaserJet 1020
15:13:13 - HP DeskJet 2130 series
15:13:13 - Fax
15:13:13 - eBeam Scrapbook Image Writer
15:23:34 - OneNote
15:23:34 - Microsoft XPS Document Writer
15:23:34 - Microsoft Print to PDF
15:23:34 - HP LaserJet P205X series PCL6 Class Driver
15:23:34 - HP LaserJet 1020
15:23:34 - HP DeskJet 2130 series
15:23:34 - Fax
15:23:34 - eBeam Scrapbook Image Writer
15:23:34 - HP DeskJet 2130 series
15:23:35 - OneNote
15:23:35 - Microsoft XPS Document Writer
15:23:35 - Microsoft Print to PDF
15:23:35 - HP LaserJet P205X series PCL6 Class Driver
15:23:35 - HP LaserJet 1020
15:23:35 - HP DeskJet 2130 series
15:23:35 - Fax
15:23:35 - eBeam Scrapbook Image Writer
15:25:02 - OneNote
15:25:02 - Microsoft XPS Document Writer
15:25:02 - Microsoft Print to PDF
15:25:02 - HP LaserJet P205X series PCL6 Class Driver
15:25:02 - HP LaserJet 1020
15:25:02 - HP DeskJet 2130 series
15:25:02 - Fax
15:25:02 - eBeam Scrapbook Image Writer
15:25:02 - HP DeskJet 2130 series
15:25:03 - OneNote
15:25:03 - Microsoft XPS Document Writer
15:25:03 - Microsoft Print to PDF
15:25:03 - HP LaserJet P205X series PCL6 Class Driver
15:25:03 - HP LaserJet 1020
15:25:03 - HP DeskJet 2130 series
15:25:03 - Fax
15:25:03 - eBeam Scrapbook Image Writer
16:00:11 - HP DeskJet 2130 series
16:00:12 - OneNote
16:00:12 - Microsoft XPS Document Writer
16:00:12 - Microsoft Print to PDF
16:00:12 - HP LaserJet P205X series PCL6 Class Driver
16:00:12 - HP LaserJet 1020
16:00:12 - HP DeskJet 2130 series
16:00:12 - Fax
16:00:12 - eBeam Scrapbook Image Writer
16:00:12 - 1
16:00:12 - 12341
16:00:12 - Tasya
16:00:12 - 12341
16:00:12 - Tasya
19:14:34 - J:/Euclase/Release/Materials/Names.jpg
21:52:28 - G:/Flash/Euclase/Release/Materials/Names.jpg
22:04:25 - G:/Flash/Euclase/Release/Materials/Names.jpg
22:04:46 - G:/Flash/Euclase/Release/Materials/Names.jpg
22:06:06 - G:/Flash/Euclase/Release/Materials/Names.jpg
22:06:19 - G:/Flash/Euclase/Release/Materials/Names.jpg
12:22:39 - G:/Flash/Euclase/Release/Materials/Names.jpg
22:37:19 - G:/Flash/Euclase/Release/Materials/Names.jpg
22:37:23 - G:/Flash/Euclase/Release/Materials/Names.jpg
22:37:37 - G:/Flash/Euclase/Release/Materials/Names.jpg
22:38:54 - G:/Flash/Euclase/Release/Materials/Names.jpg
22:39:21 - G:/Flash/Euclase/Release/Materials/Names.jpg
17:48:21 - G:/Flash/Euclase/Release/Materials/Names.jpg
18:46:37 - G:/Flash/Euclase/Release/Materials/Names.jpg
